Command line:
   tb_mojo_top_isim_beh.exe
     -simmode  gui
     -simrunnum  0
     -socket  41634

Mon Mar 28 20:28:23 2016


 Elaboration Time: 0.1 sec

 Current Memory Usage: 135.954 Meg

 Total Signals          : 271
 Total Nets             : 1118
 Total Signal Drivers   : 186
 Total Blocks           : 13
 Total Primitive Blocks : 8
 Total Processes        : 79
 Total Traceable Variables  : 42
 Total Scalar Nets and Variables : 1685
Total Line Count : 654

 Total Simulation Time: 98.21 sec

 Current Memory Usage: 144.347 Meg

Mon Mar 28 22:44:15 2016

