Command line:
   tb_diviseur_freq_isim_beh.exe
     -simmode  gui
     -simrunnum  0
     -socket  50852

Fri Mar  4 13:11:21 2016


 Elaboration Time: 0.1 sec

 Current Memory Usage: 135.639 Meg

 Total Signals          : 9
 Total Nets             : 6
 Total Signal Drivers   : 6
 Total Blocks           : 4
 Total Primitive Blocks : 3
 Total Processes        : 5
 Total Traceable Variables  : 16
 Total Scalar Nets and Variables : 492
Total Line Count : 20

 Total Simulation Time: 0.11 sec

 Current Memory Usage: 144.032 Meg

Fri Mar  4 13:11:38 2016

