
****** PlanAhead v14.7
  **** Build 321239 by xbuild on Fri Sep 27 19:24:55 MDT 2013
    ** Copyright 1986-1999, 2001-2013 Xilinx, Inc. All Rights Reserved.

INFO: [Common 17-78] Attempting to get a license: PlanAhead
INFO: [Common 17-290] Got license for PlanAhead
INFO: [Device 21-36] Loading parts and site information from /opt/Xilinx/14.7/ISE_DS/PlanAhead/data/parts/arch.xml
Parsing RTL primitives file [/opt/Xilinx/14.7/ISE_DS/PlanAhead/data/parts/xilinx/rtl/prims/rtl_prims.xml]
Finished parsing RTL primitives file [/opt/Xilinx/14.7/ISE_DS/PlanAhead/data/parts/xilinx/rtl/prims/rtl_prims.xml]
start_gui
source /home/raphael/Desktop/Mojo-Base-VHDL/ise_files/pa.fromNetlist.tcl
# create_project -name Mojo-Base-VHDL -dir "/home/raphael/Desktop/Mojo-Base-VHDL/ise_files/planAhead_run_2" -part xc6slx9tqg144-2
# set_property design_mode GateLvl [get_property srcset [current_run -impl]]
# set_property edif_top_file "/home/raphael/Desktop/Mojo-Base-VHDL/ise_files/mojo_top.ngc" [ get_property srcset [ current_run ] ]
# add_files -norecurse { {/home/raphael/Desktop/Mojo-Base-VHDL/ise_files} }
# set_property target_constrs_file "/home/raphael/Desktop/Mojo-Base-VHDL/src/mojo.ucf" [current_fileset -constrset]
Adding file '/home/raphael/Desktop/Mojo-Base-VHDL/src/mojo.ucf' to fileset 'constrs_1'
# add_files [list {/home/raphael/Desktop/Mojo-Base-VHDL/src/mojo.ucf}] -fileset [get_property constrset [current_run]]
# link_design
Design is defaulting to srcset: sources_1
Design is defaulting to constrset: constrs_1
Design is defaulting to project part: xc6slx9tqg144-2
INFO: [Common 17-41] Interrupt caught. Command should exit soon.
Release 14.7 - ngc2edif P.20131013 (lin)
Copyright (c) 1995-2013 Xilinx, Inc.  All rights reserved.

Release 14.7 - ngc2edif P.20131013 (lin)
Copyright (c) 1995-2013 Xilinx, Inc.  All rights reserved.
Reading design mojo_top.ngc ...
WARNING:NetListWriters:298 - No output is written to mojo_top.xncf, ignored.
Processing design ...
   Preping design's networks ...
   Preping design's macros ...
  finished :Prep
Writing EDIF netlist file mojo_top.edif ...
ngc2edif: Total memory usage is 30720 kilobytes

Parsing EDIF File [./planAhead_run_2/Mojo-Base-VHDL.data/cache/mojo_top_ngc_429af795.edif]
INFO: [Common 17-344] 'link_design' was cancelled
INFO: [Common 17-344] 'source' was cancelled
exit
ERROR: [Common 17-39] 'stop_gui' failed due to earlier errors.
INFO: [Common 17-206] Exiting PlanAhead at Tue Mar  1 23:10:57 2016...
INFO: [Common 17-83] Releasing license: PlanAhead
