Command line:
   Analog_in_isim_beh.exe
     -simmode  gui
     -simrunnum  3
     -socket  57349

Mon Mar 28 02:31:23 2016


 Elaboration Time: 0.1 sec

 Current Memory Usage: 135.635 Meg

 Total Signals          : 17
 Total Nets             : 265
 Total Signal Drivers   : 12
 Total Blocks           : 3
 Total Primitive Blocks : 3
 Total Processes        : 11
 Total Traceable Variables  : 13
 Total Scalar Nets and Variables : 748
Total Line Count : 32

 Total Simulation Time: 0.11 sec

 Current Memory Usage: 144.028 Meg

Mon Mar 28 02:31:30 2016

