Command line:
   tb_pwm_mgr_isim_beh.exe
     -simmode  gui
     -simrunnum  0
     -socket  60796

Sat Feb 27 13:51:22 2016


 Elaboration Time: 0.1 sec

 Current Memory Usage: 135.619 Meg

 Total Signals          : 12
 Total Nets             : 29
 Total Signal Drivers   : 8
 Total Blocks           : 4
 Total Primitive Blocks : 3
 Total Processes        : 5
 Total Traceable Variables  : 15
 Total Scalar Nets and Variables : 514
Total Line Count : 25

 Total Simulation Time: 0.18 sec

 Current Memory Usage: 144.011 Meg

Sat Feb 27 22:26:03 2016

