Running: /opt/Xilinx/14.7/ISE_DS/ISE/bin/lin/unwrapped/fuse -relaunch -intstyle "ise" -incremental -lib "secureip" -o "/home/raphael/Desktop/Mojo-Base-VHDL/ise_files/tb_i2c_master_isim_beh.exe" -prj "/home/raphael/Desktop/Mojo-Base-VHDL/ise_files/tb_i2c_master_beh.prj" "work.tb_i2c_master" 
ISim P.20131013 (signature 0xfbc00daa)
Number of CPUs detected in this system: 4
Turning on mult-threading, number of parallel sub-compilation jobs: 8 
Determining compilation order of HDL files
Parsing VHDL file "/home/raphael/Desktop/Mojo-Base-VHDL/ise_files/i2C_master.vhd" into library work
WARNING:HDLCompiler:957 - "/home/raphael/Desktop/Mojo-Base-VHDL/ise_files/i2C_master.vhd" Line 93: Case choice must be a locally static expression
WARNING:HDLCompiler:957 - "/home/raphael/Desktop/Mojo-Base-VHDL/ise_files/i2C_master.vhd" Line 96: Case choice must be a locally static expression
WARNING:HDLCompiler:957 - "/home/raphael/Desktop/Mojo-Base-VHDL/ise_files/i2C_master.vhd" Line 99: Case choice must be a locally static expression
Parsing VHDL file "/home/raphael/Desktop/Mojo-Base-VHDL/ise_files/tb_i2c_master.vhd" into library work
Starting static elaboration
Completed static elaboration
Fuse Memory Usage: 37304 KB
Fuse CPU Usage: 1630 ms
Compiling package standard
Compiling package std_logic_1164
Compiling package numeric_std
Compiling architecture behavioral of entity i2C_master [\i2C_master(50000000,400000)\]
Compiling architecture behavior of entity tb_i2c_master
Time Resolution for simulation is 1ps.
Waiting for 1 sub-compilation(s) to finish...
Compiled 6 VHDL Units
Built simulation executable /home/raphael/Desktop/Mojo-Base-VHDL/ise_files/tb_i2c_master_isim_beh.exe
Fuse Memory Usage: 83584 KB
Fuse CPU Usage: 1780 ms
GCC CPU Usage: 200 ms
