ISim log file
Running: /home/raphael/Desktop/Mojo-Base-VHDL/ise_files/tb_mojo_top_isim_beh.exe -intstyle ise -gui -tclbatch isim.cmd -wdb /home/raphael/Desktop/Mojo-Base-VHDL/ise_files/tb_mojo_top_isim_beh.wdb 
ISim P.20131013 (signature 0xfbc00daa)
WARNING: A WEBPACK license was found.
WARNING: Please use Xilinx License Configuration Manager to check out a full ISim license.
WARNING: ISim will run in Lite mode. Please refer to the ISim documentation for more information on the differences between the Lite and the Full version.
This is a Lite version of ISim.
Time resolution is 1 ps
# onerror resume
# wave add /
# run 1000 ns
Simulator is doing circuit initialization process.
Finished circuit initialization process.
ISim P.20131013 (signature 0xfbc00daa)
WARNING: A WEBPACK license was found.
WARNING: Please use Xilinx License Configuration Manager to check out a full ISim license.
WARNING: ISim will run in Lite mode. Please refer to the ISim documentation for more information on the differences between the Lite and the Full version.
This is a Lite version of ISim.
# run 1000 ns
Simulator is doing circuit initialization process.
Finished circuit initialization process.
# run 100ms
# isim force add /tb_mojo_top/uut/controle/rx_data_q 11111111 -radix bin
# isim force add /tb_mojo_top/uut/controle/rx_data_q 11111111 -radix bin
# run 100ms
ISim P.20131013 (signature 0xfbc00daa)
WARNING: A WEBPACK license was found.
WARNING: Please use Xilinx License Configuration Manager to check out a full ISim license.
WARNING: ISim will run in Lite mode. Please refer to the ISim documentation for more information on the differences between the Lite and the Full version.
This is a Lite version of ISim.
# run 1000 ns
Simulator is doing circuit initialization process.
Finished circuit initialization process.
# run 100us
# isim force add /tb_mojo_top/uut/controle/rx_data_q 11111111 -radix bin
# isim force add /tb_mojo_top/uut/controle/rx_data_q 11111111 -radix bin
# run 100us
# run 100ms
# exit 0
