Running: /opt/Xilinx/14.7/ISE_DS/ISE/bin/lin/unwrapped/fuse -relaunch -intstyle "ise" -incremental -lib "secureip" -o "/home/raphael/Desktop/HARDWARE/vhdl/PWM/tb_pwm_mgr_isim_beh.exe" -prj "/home/raphael/Desktop/HARDWARE/vhdl/PWM/tb_pwm_mgr_beh.prj" "work.tb_pwm_mgr" 
ISim P.20131013 (signature 0xfbc00daa)
Number of CPUs detected in this system: 4
Turning on mult-threading, number of parallel sub-compilation jobs: 8 
Determining compilation order of HDL files
Parsing VHDL file "/home/raphael/Desktop/HARDWARE/vhdl/PWM/pwm_mgr.vhd" into library work
Parsing VHDL file "/home/raphael/Desktop/HARDWARE/vhdl/PWM/tb_pwm_mgr.vhd" into library work
Starting static elaboration
Completed static elaboration
Fuse Memory Usage: 37288 KB
Fuse CPU Usage: 1600 ms
Compiling package standard
Compiling package std_logic_1164
Compiling package numeric_std
Compiling architecture behavioral of entity pwm_mgr [\pwm_mgr(8)\]
Compiling architecture behavior of entity tb_pwm_mgr
Time Resolution for simulation is 1ps.
Waiting for 1 sub-compilation(s) to finish...
Compiled 6 VHDL Units
Built simulation executable /home/raphael/Desktop/HARDWARE/vhdl/PWM/tb_pwm_mgr_isim_beh.exe
Fuse Memory Usage: 82588 KB
Fuse CPU Usage: 1750 ms
GCC CPU Usage: 220 ms
