Command line:
   Diviseur_Freq_isim_beh.exe
     -simmode  gui
     -simrunnum  2
     -socket  57506

Fri Mar  4 00:34:34 2016


 Elaboration Time: 0.1 sec

 Current Memory Usage: 135.635 Meg

 Total Signals          : 5
 Total Nets             : 12
 Total Signal Drivers   : 3
 Total Blocks           : 3
 Total Primitive Blocks : 3
 Total Processes        : 2
 Total Traceable Variables  : 14
 Total Scalar Nets and Variables : 496
Total Line Count : 5

 Total Simulation Time: 0.11 sec

 Current Memory Usage: 144.028 Meg

Fri Mar  4 00:34:40 2016

