Command line:
   tb_i2c_master_isim_beh.exe
     -simmode  gui
     -simrunnum  0
     -socket  30987

Tue Apr 12 12:12:15 2016


 Elaboration Time: 0.078125 sec

 Current Memory Usage: 361.656 Meg

 Total Signals          : 44
 Total Nets             : 81
 Total Signal Drivers   : 33
 Total Blocks           : 4
 Total Primitive Blocks : 3
 Total Processes        : 13
 Total Traceable Variables  : 15
 Total Scalar Nets and Variables : 566
Total Line Count : 164

 Total Simulation Time: 0.890625 sec

 Current Memory Usage: 361.656 Meg

Tue Apr 12 12:19:01 2016

