#-----------------------------------------------------------
# PlanAhead v14.7
# Build 321239 by xbuild on Fri Sep 27 19:24:55 MDT 2013
# Start of session at: Tue Mar  1 23:39:09 2016
# Process ID: 14967
# Log file: /home/raphael/Desktop/Mojo-Base-VHDL/ise_files/planAhead_run_2/planAhead.log
# Journal file: /home/raphael/Desktop/Mojo-Base-VHDL/ise_files/planAhead_run_2/planAhead.jou
#-----------------------------------------------------------
INFO: [Common 17-78] Attempting to get a license: PlanAhead
INFO: [Common 17-290] Got license for PlanAhead
INFO: [Device 21-36] Loading parts and site information from /opt/Xilinx/14.7/ISE_DS/PlanAhead/data/parts/arch.xml
Parsing RTL primitives file [/opt/Xilinx/14.7/ISE_DS/PlanAhead/data/parts/xilinx/rtl/prims/rtl_prims.xml]
Finished parsing RTL primitives file [/opt/Xilinx/14.7/ISE_DS/PlanAhead/data/parts/xilinx/rtl/prims/rtl_prims.xml]
start_gui
source /home/raphael/Desktop/Mojo-Base-VHDL/ise_files/pa.fromNetlist.tcl
# create_project -name Mojo-Base-VHDL -dir "/home/raphael/Desktop/Mojo-Base-VHDL/ise_files/planAhead_run_2" -part xc6slx9tqg144-2
# set_property design_mode GateLvl [get_property srcset [current_run -impl]]
# set_property edif_top_file "/home/raphael/Desktop/Mojo-Base-VHDL/ise_files/mojo_top.ngc" [ get_property srcset [ current_run ] ]
# add_files -norecurse { {/home/raphael/Desktop/Mojo-Base-VHDL/ise_files} }
# set_property target_constrs_file "/home/raphael/Desktop/Mojo-Base-VHDL/src/mojo.ucf" [current_fileset -constrset]
Adding file '/home/raphael/Desktop/Mojo-Base-VHDL/src/mojo.ucf' to fileset 'constrs_1'
# add_files [list {/home/raphael/Desktop/Mojo-Base-VHDL/src/mojo.ucf}] -fileset [get_property constrset [current_run]]
# link_design
Design is defaulting to srcset: sources_1
Design is defaulting to constrset: constrs_1
Design is defaulting to project part: xc6slx9tqg144-2
Release 14.7 - ngc2edif P.20131013 (lin)
Copyright (c) 1995-2013 Xilinx, Inc.  All rights reserved.

Release 14.7 - ngc2edif P.20131013 (lin)
Copyright (c) 1995-2013 Xilinx, Inc.  All rights reserved.
Reading design mojo_top.ngc ...
WARNING:NetListWriters:298 - No output is written to mojo_top.xncf, ignored.
Processing design ...
   Preping design's networks ...
   Preping design's macros ...
  finished :Prep
Writing EDIF netlist file mojo_top.edif ...
ngc2edif: Total memory usage is 30724 kilobytes

Parsing EDIF File [./planAhead_run_2/Mojo-Base-VHDL.data/cache/mojo_top_ngc_429af795.edif]
Finished Parsing EDIF File [./planAhead_run_2/Mojo-Base-VHDL.data/cache/mojo_top_ngc_429af795.edif]
INFO: [Netlist 29-17] Analyzing 1 Unisim elements for replacement
INFO: [Netlist 29-28] Unisim Transformation completed in 0 CPU seconds
Loading clock regions from /opt/Xilinx/14.7/ISE_DS/PlanAhead/data/parts/xilinx/spartan6/spartan6lx/xc6slx9/ClockRegion.xml
Loading clock buffers from /opt/Xilinx/14.7/ISE_DS/PlanAhead/data/parts/xilinx/spartan6/spartan6lx/xc6slx9/ClockBuffers.xml
Loading package pin functions from /opt/Xilinx/14.7/ISE_DS/PlanAhead/data/parts/xilinx/spartan6/PinFunctions.xml...
Loading package from /opt/Xilinx/14.7/ISE_DS/PlanAhead/data/parts/xilinx/spartan6/spartan6lx/xc6slx9/tqg144/Package.xml
Loading io standards from /opt/Xilinx/14.7/ISE_DS/PlanAhead/data/./parts/xilinx/spartan6/IOStandards.xml
Loading device configuration modes from /opt/Xilinx/14.7/ISE_DS/PlanAhead/data/parts/xilinx/spartan6/ConfigModes.xml
Loading list of drcs for the architecture : /opt/Xilinx/14.7/ISE_DS/PlanAhead/data/./parts/xilinx/spartan6/drc.xml
Parsing UCF File [/home/raphael/Desktop/Mojo-Base-VHDL/src/mojo.ucf]
Finished Parsing UCF File [/home/raphael/Desktop/Mojo-Base-VHDL/src/mojo.ucf]
INFO: [Project 1-111] Unisim Transformation Summary:
  A total of 1 instances were transformed.
  BUFGP => BUFGP (IBUF, BUFG): 1 instances

Phase 0 | Netlist Checksum: fcaea328
link_design: Time (s): cpu = 00:00:24 ; elapsed = 00:00:16 . Memory (MB): peak = 1131.305 ; gain = 105.805
ERROR: [#UNDEF] *** Exception: java.lang.NumberFormatException: For input string: "0,0235657" (See /home/raphael/Desktop/Mojo-Base-VHDL/ise_files/planAhead_pid14967.debug)
ERROR: [#UNDEF] *** Exception: java.lang.NumberFormatException: For input string: "0,0235657" (See /home/raphael/Desktop/Mojo-Base-VHDL/ise_files/planAhead_pid14967.debug)
ERROR: [#UNDEF] *** Exception: java.lang.NumberFormatException: For input string: "0,0235657" (See /home/raphael/Desktop/Mojo-Base-VHDL/ise_files/planAhead_pid14967.debug)
ERROR: [#UNDEF] *** Exception: java.lang.NumberFormatException: For input string: "0,0235657" (See /home/raphael/Desktop/Mojo-Base-VHDL/ise_files/planAhead_pid14967.debug)
ERROR: [#UNDEF] *** Exception: java.lang.NumberFormatException: For input string: "0,0235657" (See /home/raphael/Desktop/Mojo-Base-VHDL/ise_files/planAhead_pid14967.debug)
ERROR: [#UNDEF] *** Exception: java.lang.NumberFormatException: For input string: "0,0235657" (See /home/raphael/Desktop/Mojo-Base-VHDL/ise_files/planAhead_pid14967.debug)
ERROR: [#UNDEF] *** Exception: java.lang.NumberFormatException: For input string: "0,0235657" (See /home/raphael/Desktop/Mojo-Base-VHDL/ise_files/planAhead_pid14967.debug)
ERROR: [#UNDEF] *** Exception: java.lang.NumberFormatException: For input string: "0,0235657" (See /home/raphael/Desktop/Mojo-Base-VHDL/ise_files/planAhead_pid14967.debug)
ERROR: [#UNDEF] *** Exception: java.lang.NumberFormatException: For input string: "0,0235657" (See /home/raphael/Desktop/Mojo-Base-VHDL/ise_files/planAhead_pid14967.debug)
ERROR: [#UNDEF] *** Exception: java.lang.NumberFormatException: For input string: "0,0235657" (See /home/raphael/Desktop/Mojo-Base-VHDL/ise_files/planAhead_pid14967.debug)
ERROR: [#UNDEF] *** Exception: java.lang.NumberFormatException: For input string: "0,0235657" (See /home/raphael/Desktop/Mojo-Base-VHDL/ise_files/planAhead_pid14967.debug)
ERROR: [#UNDEF] *** Exception: java.lang.NumberFormatException: For input string: "0,0235657" (See /home/raphael/Desktop/Mojo-Base-VHDL/ise_files/planAhead_pid14967.debug)
ERROR: [#UNDEF] *** Exception: java.lang.NumberFormatException: For input string: "0,0235657" (See /home/raphael/Desktop/Mojo-Base-VHDL/ise_files/planAhead_pid14967.debug)
ERROR: [#UNDEF] *** Exception: java.lang.NumberFormatException: For input string: "0,0235657" (See /home/raphael/Desktop/Mojo-Base-VHDL/ise_files/planAhead_pid14967.debug)
ERROR: [#UNDEF] *** Exception: java.lang.NumberFormatException: For input string: "0,0235657" (See /home/raphael/Desktop/Mojo-Base-VHDL/ise_files/planAhead_pid14967.debug)
ERROR: [#UNDEF] *** Exception: java.lang.NumberFormatException: For input string: "0,0235657" (See /home/raphael/Desktop/Mojo-Base-VHDL/ise_files/planAhead_pid14967.debug)
ERROR: [#UNDEF] *** Exception: java.lang.NumberFormatException: For input string: "0,0235657" (See /home/raphael/Desktop/Mojo-Base-VHDL/ise_files/planAhead_pid14967.debug)
ERROR: [#UNDEF] *** Exception: java.lang.NumberFormatException: For input string: "0,0235657" (See /home/raphael/Desktop/Mojo-Base-VHDL/ise_files/planAhead_pid14967.debug)
ERROR: [#UNDEF] *** Exception: java.lang.NumberFormatException: For input string: "0,0235657" (See /home/raphael/Desktop/Mojo-Base-VHDL/ise_files/planAhead_pid14967.debug)
ERROR: [#UNDEF] *** Exception: java.lang.NumberFormatException: For input string: "0,0235657" (See /home/raphael/Desktop/Mojo-Base-VHDL/ise_files/planAhead_pid14967.debug)
ERROR: [#UNDEF] *** Exception: java.lang.NumberFormatException: For input string: "0,0235657" (See /home/raphael/Desktop/Mojo-Base-VHDL/ise_files/planAhead_pid14967.debug)
ERROR: [#UNDEF] *** Exception: java.lang.NumberFormatException: For input string: "0,0235657" (See /home/raphael/Desktop/Mojo-Base-VHDL/ise_files/planAhead_pid14967.debug)
ERROR: [#UNDEF] *** Exception: java.lang.NumberFormatException: For input string: "0,0235657" (See /home/raphael/Desktop/Mojo-Base-VHDL/ise_files/planAhead_pid14967.debug)
ERROR: [#UNDEF] *** Exception: java.lang.NumberFormatException: For input string: "0,0235657" (See /home/raphael/Desktop/Mojo-Base-VHDL/ise_files/planAhead_pid14967.debug)
ERROR: [#UNDEF] *** Exception: java.lang.NumberFormatException: For input string: "0,0235657" (See /home/raphael/Desktop/Mojo-Base-VHDL/ise_files/planAhead_pid14967.debug)
ERROR: [#UNDEF] *** Exception: java.lang.NumberFormatException: For input string: "0,0235657" (See /home/raphael/Desktop/Mojo-Base-VHDL/ise_files/planAhead_pid14967.debug)
ERROR: [#UNDEF] *** Exception: java.lang.NumberFormatException: For input string: "0,0235657" (See /home/raphael/Desktop/Mojo-Base-VHDL/ise_files/planAhead_pid14967.debug)
ERROR: [#UNDEF] *** Exception: java.lang.NumberFormatException: For input string: "0,0235657" (See /home/raphael/Desktop/Mojo-Base-VHDL/ise_files/planAhead_pid14967.debug)
ERROR: [#UNDEF] *** Exception: java.lang.NumberFormatException: For input string: "0,0235657" (See /home/raphael/Desktop/Mojo-Base-VHDL/ise_files/planAhead_pid14967.debug)
ERROR: [#UNDEF] *** Exception: java.lang.NumberFormatException: For input string: "0,0235657" (See /home/raphael/Desktop/Mojo-Base-VHDL/ise_files/planAhead_pid14967.debug)
ERROR: [#UNDEF] *** Exception: java.lang.NumberFormatException: For input string: "0,0235657" (See /home/raphael/Desktop/Mojo-Base-VHDL/ise_files/planAhead_pid14967.debug)
ERROR: [#UNDEF] *** Exception: java.lang.NumberFormatException: For input string: "0,0235657" (See /home/raphael/Desktop/Mojo-Base-VHDL/ise_files/planAhead_pid14967.debug)
ERROR: [#UNDEF] *** Exception: java.lang.NumberFormatException: For input string: "0,0235657" (See /home/raphael/Desktop/Mojo-Base-VHDL/ise_files/planAhead_pid14967.debug)
ERROR: [#UNDEF] *** Exception: java.lang.NumberFormatException: For input string: "0,0235657" (See /home/raphael/Desktop/Mojo-Base-VHDL/ise_files/planAhead_pid14967.debug)
ERROR: [#UNDEF] *** Exception: java.lang.NumberFormatException: For input string: "0,0235657" (See /home/raphael/Desktop/Mojo-Base-VHDL/ise_files/planAhead_pid14967.debug)
ERROR: [#UNDEF] *** Exception: java.lang.NumberFormatException: For input string: "0,0235657" (See /home/raphael/Desktop/Mojo-Base-VHDL/ise_files/planAhead_pid14967.debug)
ERROR: [#UNDEF] *** Exception: java.lang.NumberFormatException: For input string: "0,0235657" (See /home/raphael/Desktop/Mojo-Base-VHDL/ise_files/planAhead_pid14967.debug)
ERROR: [#UNDEF] *** Exception: java.lang.NumberFormatException: For input string: "0,0235657" (See /home/raphael/Desktop/Mojo-Base-VHDL/ise_files/planAhead_pid14967.debug)
ERROR: [#UNDEF] *** Exception: java.lang.NumberFormatException: For input string: "0,0235657" (See /home/raphael/Desktop/Mojo-Base-VHDL/ise_files/planAhead_pid14967.debug)
ERROR: [#UNDEF] *** Exception: java.lang.NumberFormatException: For input string: "0,0235657" (See /home/raphael/Desktop/Mojo-Base-VHDL/ise_files/planAhead_pid14967.debug)
ERROR: [#UNDEF] *** Exception: java.lang.NumberFormatException: For input string: "0,0235657" (See /home/raphael/Desktop/Mojo-Base-VHDL/ise_files/planAhead_pid14967.debug)
ERROR: [#UNDEF] *** Exception: java.lang.NumberFormatException: For input string: "0,0235657" (See /home/raphael/Desktop/Mojo-Base-VHDL/ise_files/planAhead_pid14967.debug)
ERROR: [#UNDEF] *** Exception: java.lang.NumberFormatException: For input string: "0,0235657" (See /home/raphael/Desktop/Mojo-Base-VHDL/ise_files/planAhead_pid14967.debug)
ERROR: [#UNDEF] *** Exception: java.lang.NumberFormatException: For input string: "0,0235657" (See /home/raphael/Desktop/Mojo-Base-VHDL/ise_files/planAhead_pid14967.debug)
ERROR: [#UNDEF] *** Exception: java.lang.NumberFormatException: For input string: "0,0235657" (See /home/raphael/Desktop/Mojo-Base-VHDL/ise_files/planAhead_pid14967.debug)
ERROR: [#UNDEF] *** Exception: java.lang.NumberFormatException: For input string: "0,0235657" (See /home/raphael/Desktop/Mojo-Base-VHDL/ise_files/planAhead_pid14967.debug)
ERROR: [#UNDEF] *** Exception: java.lang.NumberFormatException: For input string: "0,0235657" (See /home/raphael/Desktop/Mojo-Base-VHDL/ise_files/planAhead_pid14967.debug)
ERROR: [#UNDEF] *** Exception: java.lang.NumberFormatException: For input string: "0,0235657" (See /home/raphael/Desktop/Mojo-Base-VHDL/ise_files/planAhead_pid14967.debug)
ERROR: [#UNDEF] *** Exception: java.lang.NumberFormatException: For input string: "0,0235657" (See /home/raphael/Desktop/Mojo-Base-VHDL/ise_files/planAhead_pid14967.debug)
ERROR: [#UNDEF] *** Exception: java.lang.NumberFormatException: For input string: "0,0235657" (See /home/raphael/Desktop/Mojo-Base-VHDL/ise_files/planAhead_pid14967.debug)
ERROR: [#UNDEF] *** Exception: java.lang.NumberFormatException: For input string: "0,0235657" (See /home/raphael/Desktop/Mojo-Base-VHDL/ise_files/planAhead_pid14967.debug)
ERROR: [#UNDEF] *** Exception: java.lang.NumberFormatException: For input string: "0,0235657" (See /home/raphael/Desktop/Mojo-Base-VHDL/ise_files/planAhead_pid14967.debug)
ERROR: [#UNDEF] *** Exception: java.lang.NumberFormatException: For input string: "0,0235657" (See /home/raphael/Desktop/Mojo-Base-VHDL/ise_files/planAhead_pid14967.debug)
ERROR: [#UNDEF] *** Exception: java.lang.NumberFormatException: For input string: "0,0235657" (See /home/raphael/Desktop/Mojo-Base-VHDL/ise_files/planAhead_pid14967.debug)
ERROR: [#UNDEF] *** Exception: java.lang.NumberFormatException: For input string: "0,0235657" (See /home/raphael/Desktop/Mojo-Base-VHDL/ise_files/planAhead_pid14967.debug)
ERROR: [#UNDEF] *** Exception: java.lang.NumberFormatException: For input string: "0,0235657" (See /home/raphael/Desktop/Mojo-Base-VHDL/ise_files/planAhead_pid14967.debug)
ERROR: [#UNDEF] *** Exception: java.lang.NumberFormatException: For input string: "0,0235657" (See /home/raphael/Desktop/Mojo-Base-VHDL/ise_files/planAhead_pid14967.debug)
ERROR: [#UNDEF] *** Exception: java.lang.NumberFormatException: For input string: "0,0235657" (See /home/raphael/Desktop/Mojo-Base-VHDL/ise_files/planAhead_pid14967.debug)
ERROR: [#UNDEF] *** Exception: java.lang.NumberFormatException: For input string: "0,0235657" (See /home/raphael/Desktop/Mojo-Base-VHDL/ise_files/planAhead_pid14967.debug)
ERROR: [#UNDEF] *** Exception: java.lang.NumberFormatException: For input string: "0,0235657" (See /home/raphael/Desktop/Mojo-Base-VHDL/ise_files/planAhead_pid14967.debug)
ERROR: [#UNDEF] *** Exception: java.lang.NumberFormatException: For input string: "0,0235657" (See /home/raphael/Desktop/Mojo-Base-VHDL/ise_files/planAhead_pid14967.debug)
ERROR: [#UNDEF] *** Exception: java.lang.NumberFormatException: For input string: "0,0235657" (See /home/raphael/Desktop/Mojo-Base-VHDL/ise_files/planAhead_pid14967.debug)
ERROR: [#UNDEF] *** Exception: java.lang.NumberFormatException: For input string: "0,0235657" (See /home/raphael/Desktop/Mojo-Base-VHDL/ise_files/planAhead_pid14967.debug)
ERROR: [#UNDEF] *** Exception: java.lang.NumberFormatException: For input string: "0,0235657" (See /home/raphael/Desktop/Mojo-Base-VHDL/ise_files/planAhead_pid14967.debug)
ERROR: [#UNDEF] *** Exception: java.lang.NumberFormatException: For input string: "0,0235657" (See /home/raphael/Desktop/Mojo-Base-VHDL/ise_files/planAhead_pid14967.debug)
ERROR: [#UNDEF] *** Exception: java.lang.NumberFormatException: For input string: "0,0235657" (See /home/raphael/Desktop/Mojo-Base-VHDL/ise_files/planAhead_pid14967.debug)
ERROR: [#UNDEF] *** Exception: java.lang.NumberFormatException: For input string: "0,0235657" (See /home/raphael/Desktop/Mojo-Base-VHDL/ise_files/planAhead_pid14967.debug)
ERROR: [#UNDEF] *** Exception: java.lang.NumberFormatException: For input string: "0,0235657" (See /home/raphael/Desktop/Mojo-Base-VHDL/ise_files/planAhead_pid14967.debug)
ERROR: [#UNDEF] *** Exception: java.lang.NumberFormatException: For input string: "0,0235271" (See /home/raphael/Desktop/Mojo-Base-VHDL/ise_files/planAhead_pid14967.debug)
ERROR: [#UNDEF] *** Exception: java.lang.NumberFormatException: For input string: "0,0235271" (See /home/raphael/Desktop/Mojo-Base-VHDL/ise_files/planAhead_pid14967.debug)
ERROR: [#UNDEF] *** Exception: java.lang.NumberFormatException: For input string: "0,0235271" (See /home/raphael/Desktop/Mojo-Base-VHDL/ise_files/planAhead_pid14967.debug)
ERROR: [#UNDEF] *** Exception: java.lang.NumberFormatException: For input string: "0,0235271" (See /home/raphael/Desktop/Mojo-Base-VHDL/ise_files/planAhead_pid14967.debug)
ERROR: [#UNDEF] *** Exception: java.lang.NumberFormatException: For input string: "0,0235271" (See /home/raphael/Desktop/Mojo-Base-VHDL/ise_files/planAhead_pid14967.debug)
ERROR: [#UNDEF] *** Exception: java.lang.NumberFormatException: For input string: "0,0235271" (See /home/raphael/Desktop/Mojo-Base-VHDL/ise_files/planAhead_pid14967.debug)
ERROR: [#UNDEF] *** Exception: java.lang.NumberFormatException: For input string: "0,0235271" (See /home/raphael/Desktop/Mojo-Base-VHDL/ise_files/planAhead_pid14967.debug)
ERROR: [#UNDEF] *** Exception: java.lang.NumberFormatException: For input string: "0,0235271" (See /home/raphael/Desktop/Mojo-Base-VHDL/ise_files/planAhead_pid14967.debug)
ERROR: [#UNDEF] *** Exception: java.lang.NumberFormatException: For input string: "0,0235271" (See /home/raphael/Desktop/Mojo-Base-VHDL/ise_files/planAhead_pid14967.debug)
ERROR: [#UNDEF] *** Exception: java.lang.NumberFormatException: For input string: "0,0235271" (See /home/raphael/Desktop/Mojo-Base-VHDL/ise_files/planAhead_pid14967.debug)
ERROR: [#UNDEF] *** Exception: java.lang.NumberFormatException: For input string: "0,0235271" (See /home/raphael/Desktop/Mojo-Base-VHDL/ise_files/planAhead_pid14967.debug)
ERROR: [#UNDEF] *** Exception: java.lang.NumberFormatException: For input string: "0,0235271" (See /home/raphael/Desktop/Mojo-Base-VHDL/ise_files/planAhead_pid14967.debug)
ERROR: [#UNDEF] *** Exception: java.lang.NumberFormatException: For input string: "0,0235271" (See /home/raphael/Desktop/Mojo-Base-VHDL/ise_files/planAhead_pid14967.debug)
ERROR: [#UNDEF] *** Exception: java.lang.NumberFormatException: For input string: "0,0235271" (See /home/raphael/Desktop/Mojo-Base-VHDL/ise_files/planAhead_pid14967.debug)
ERROR: [#UNDEF] *** Exception: java.lang.NumberFormatException: For input string: "0,0235271" (See /home/raphael/Desktop/Mojo-Base-VHDL/ise_files/planAhead_pid14967.debug)
ERROR: [#UNDEF] *** Exception: java.lang.NumberFormatException: For input string: "0,0235271" (See /home/raphael/Desktop/Mojo-Base-VHDL/ise_files/planAhead_pid14967.debug)
ERROR: [#UNDEF] *** Exception: java.lang.NumberFormatException: For input string: "0,0235271" (See /home/raphael/Desktop/Mojo-Base-VHDL/ise_files/planAhead_pid14967.debug)
ERROR: [#UNDEF] *** Exception: java.lang.NumberFormatException: For input string: "0,0235271" (See /home/raphael/Desktop/Mojo-Base-VHDL/ise_files/planAhead_pid14967.debug)
ERROR: [#UNDEF] *** Exception: java.lang.NumberFormatException: For input string: "0,0235271" (See /home/raphael/Desktop/Mojo-Base-VHDL/ise_files/planAhead_pid14967.debug)
ERROR: [#UNDEF] *** Exception: java.lang.NumberFormatException: For input string: "0,0235271" (See /home/raphael/Desktop/Mojo-Base-VHDL/ise_files/planAhead_pid14967.debug)
ERROR: [#UNDEF] *** Exception: java.lang.NumberFormatException: For input string: "0,0235271" (See /home/raphael/Desktop/Mojo-Base-VHDL/ise_files/planAhead_pid14967.debug)
ERROR: [#UNDEF] *** Exception: java.lang.NumberFormatException: For input string: "0,0235271" (See /home/raphael/Desktop/Mojo-Base-VHDL/ise_files/planAhead_pid14967.debug)
ERROR: [#UNDEF] *** Exception: java.lang.NumberFormatException: For input string: "0,0235271" (See /home/raphael/Desktop/Mojo-Base-VHDL/ise_files/planAhead_pid14967.debug)
ERROR: [#UNDEF] *** Exception: java.lang.NumberFormatException: For input string: "0,0235271" (See /home/raphael/Desktop/Mojo-Base-VHDL/ise_files/planAhead_pid14967.debug)
ERROR: [#UNDEF] *** Exception: java.lang.NumberFormatException: For input string: "0,0235271" (See /home/raphael/Desktop/Mojo-Base-VHDL/ise_files/planAhead_pid14967.debug)
ERROR: [#UNDEF] *** Exception: java.lang.NumberFormatException: For input string: "0,0235271" (See /home/raphael/Desktop/Mojo-Base-VHDL/ise_files/planAhead_pid14967.debug)
ERROR: [#UNDEF] *** Exception: java.lang.NumberFormatException: For input string: "0,0235271" (See /home/raphael/Desktop/Mojo-Base-VHDL/ise_files/planAhead_pid14967.debug)
ERROR: [#UNDEF] *** Exception: java.lang.NumberFormatException: For input string: "0,0235271" (See /home/raphael/Desktop/Mojo-Base-VHDL/ise_files/planAhead_pid14967.debug)
ERROR: [#UNDEF] *** Exception: java.lang.NumberFormatException: For input string: "0,0235271" (See /home/raphael/Desktop/Mojo-Base-VHDL/ise_files/planAhead_pid14967.debug)
ERROR: [#UNDEF] *** Exception: java.lang.NumberFormatException: For input string: "0,0235271" (See /home/raphael/Desktop/Mojo-Base-VHDL/ise_files/planAhead_pid14967.debug)
ERROR: [#UNDEF] *** Exception: java.lang.NumberFormatException: For input string: "0,0235271" (See /home/raphael/Desktop/Mojo-Base-VHDL/ise_files/planAhead_pid14967.debug)
ERROR: [#UNDEF] *** Exception: java.lang.NumberFormatException: For input string: "0,0235271" (See /home/raphael/Desktop/Mojo-Base-VHDL/ise_files/planAhead_pid14967.debug)
ERROR: [#UNDEF] *** Exception: java.lang.NumberFormatException: For input string: "0,0235271" (See /home/raphael/Desktop/Mojo-Base-VHDL/ise_files/planAhead_pid14967.debug)
ERROR: [#UNDEF] *** Exception: java.lang.NumberFormatException: For input string: "0,0235271" (See /home/raphael/Desktop/Mojo-Base-VHDL/ise_files/planAhead_pid14967.debug)
ERROR: [#UNDEF] *** Exception: java.lang.NumberFormatException: For input string: "0,0235271" (See /home/raphael/Desktop/Mojo-Base-VHDL/ise_files/planAhead_pid14967.debug)
ERROR: [#UNDEF] *** Exception: java.lang.NumberFormatException: For input string: "0,0235271" (See /home/raphael/Desktop/Mojo-Base-VHDL/ise_files/planAhead_pid14967.debug)
ERROR: [#UNDEF] *** Exception: java.lang.NumberFormatException: For input string: "0,0235271" (See /home/raphael/Desktop/Mojo-Base-VHDL/ise_files/planAhead_pid14967.debug)
ERROR: [#UNDEF] *** Exception: java.lang.NumberFormatException: For input string: "0,0235271" (See /home/raphael/Desktop/Mojo-Base-VHDL/ise_files/planAhead_pid14967.debug)
ERROR: [#UNDEF] *** Exception: java.lang.NumberFormatException: For input string: "0,0235271" (See /home/raphael/Desktop/Mojo-Base-VHDL/ise_files/planAhead_pid14967.debug)
ERROR: [#UNDEF] *** Exception: java.lang.NumberFormatException: For input string: "0,0235271" (See /home/raphael/Desktop/Mojo-Base-VHDL/ise_files/planAhead_pid14967.debug)
ERROR: [#UNDEF] *** Exception: java.lang.NumberFormatException: For input string: "0,0235271" (See /home/raphael/Desktop/Mojo-Base-VHDL/ise_files/planAhead_pid14967.debug)
ERROR: [#UNDEF] *** Exception: java.lang.NumberFormatException: For input string: "0,0235271" (See /home/raphael/Desktop/Mojo-Base-VHDL/ise_files/planAhead_pid14967.debug)
ERROR: [#UNDEF] *** Exception: java.lang.NumberFormatException: For input string: "0,0235271" (See /home/raphael/Desktop/Mojo-Base-VHDL/ise_files/planAhead_pid14967.debug)
ERROR: [#UNDEF] *** Exception: java.lang.NumberFormatException: For input string: "0,0235271" (See /home/raphael/Desktop/Mojo-Base-VHDL/ise_files/planAhead_pid14967.debug)
ERROR: [#UNDEF] *** Exception: java.lang.NumberFormatException: For input string: "0,0235271" (See /home/raphael/Desktop/Mojo-Base-VHDL/ise_files/planAhead_pid14967.debug)
ERROR: [#UNDEF] *** Exception: java.lang.NumberFormatException: For input string: "0,0235271" (See /home/raphael/Desktop/Mojo-Base-VHDL/ise_files/planAhead_pid14967.debug)
ERROR: [#UNDEF] *** Exception: java.lang.NumberFormatException: For input string: "0,0235271" (See /home/raphael/Desktop/Mojo-Base-VHDL/ise_files/planAhead_pid14967.debug)
ERROR: [#UNDEF] *** Exception: java.lang.NumberFormatException: For input string: "0,0235271" (See /home/raphael/Desktop/Mojo-Base-VHDL/ise_files/planAhead_pid14967.debug)
ERROR: [#UNDEF] *** Exception: java.lang.NumberFormatException: For input string: "0,0235271" (See /home/raphael/Desktop/Mojo-Base-VHDL/ise_files/planAhead_pid14967.debug)
ERROR: [#UNDEF] *** Exception: java.lang.NumberFormatException: For input string: "0,0235271" (See /home/raphael/Desktop/Mojo-Base-VHDL/ise_files/planAhead_pid14967.debug)
ERROR: [#UNDEF] *** Exception: java.lang.NumberFormatException: For input string: "0,0235271" (See /home/raphael/Desktop/Mojo-Base-VHDL/ise_files/planAhead_pid14967.debug)
ERROR: [#UNDEF] *** Exception: java.lang.NumberFormatException: For input string: "0,0235271" (See /home/raphael/Desktop/Mojo-Base-VHDL/ise_files/planAhead_pid14967.debug)
ERROR: [#UNDEF] *** Exception: java.lang.NumberFormatException: For input string: "0,0235271" (See /home/raphael/Desktop/Mojo-Base-VHDL/ise_files/planAhead_pid14967.debug)
ERROR: [#UNDEF] *** Exception: java.lang.NumberFormatException: For input string: "0,0235271" (See /home/raphael/Desktop/Mojo-Base-VHDL/ise_files/planAhead_pid14967.debug)
ERROR: [#UNDEF] *** Exception: java.lang.NumberFormatException: For input string: "0,0235271" (See /home/raphael/Desktop/Mojo-Base-VHDL/ise_files/planAhead_pid14967.debug)
ERROR: [#UNDEF] *** Exception: java.lang.NumberFormatException: For input string: "0,0235271" (See /home/raphael/Desktop/Mojo-Base-VHDL/ise_files/planAhead_pid14967.debug)
ERROR: [#UNDEF] *** Exception: java.lang.NumberFormatException: For input string: "0,0235271" (See /home/raphael/Desktop/Mojo-Base-VHDL/ise_files/planAhead_pid14967.debug)
ERROR: [#UNDEF] *** Exception: java.lang.NumberFormatException: For input string: "0,0235271" (See /home/raphael/Desktop/Mojo-Base-VHDL/ise_files/planAhead_pid14967.debug)
ERROR: [#UNDEF] *** Exception: java.lang.NumberFormatException: For input string: "0,0235271" (See /home/raphael/Desktop/Mojo-Base-VHDL/ise_files/planAhead_pid14967.debug)
ERROR: [#UNDEF] *** Exception: java.lang.NumberFormatException: For input string: "0,0235271" (See /home/raphael/Desktop/Mojo-Base-VHDL/ise_files/planAhead_pid14967.debug)
ERROR: [#UNDEF] *** Exception: java.lang.NumberFormatException: For input string: "0,0235271" (See /home/raphael/Desktop/Mojo-Base-VHDL/ise_files/planAhead_pid14967.debug)
ERROR: [#UNDEF] *** Exception: java.lang.NumberFormatException: For input string: "0,0235271" (See /home/raphael/Desktop/Mojo-Base-VHDL/ise_files/planAhead_pid14967.debug)
close_design
exit
INFO: [Common 17-206] Exiting PlanAhead at Wed Mar  2 23:04:06 2016...
INFO: [Common 17-83] Releasing license: PlanAhead
