Command line:
   tb_i2c_master_isim_beh.exe
     -simmode  gui
     -simrunnum  0
     -socket  62789

Tue Mar 22 16:10:15 2016


 Elaboration Time: 0.03125 sec

 Current Memory Usage: 843.973 Meg

 Total Signals          : 44
 Total Nets             : 81
 Total Signal Drivers   : 33
 Total Blocks           : 4
 Total Primitive Blocks : 3
 Total Processes        : 13
 Total Traceable Variables  : 15
 Total Scalar Nets and Variables : 566
Total Line Count : 165

 Total Simulation Time: 0.25 sec

 Current Memory Usage: 529.4 Meg

Tue Mar 22 16:39:32 2016

